[debug] [2021-10-13T22:39:19.565Z] ----------------------------------------------------------------------
[debug] [2021-10-13T22:39:19.569Z] Command:       C:\Program Files\nodejs\node.exe C:\Users\estel\AppData\Roaming\npm\node_modules\firebase-tools\lib\bin\firebase.js init
[debug] [2021-10-13T22:39:19.569Z] CLI Version:   9.20.0
[debug] [2021-10-13T22:39:19.569Z] Platform:      win32
[debug] [2021-10-13T22:39:19.569Z] Node Version:  v14.17.5
[debug] [2021-10-13T22:39:19.570Z] Time:          Wed Oct 13 2021 17:39:19 GMT-0500 (hora estándar de Colombia)
[debug] [2021-10-13T22:39:19.570Z] ----------------------------------------------------------------------
[debug] 
[debug] [2021-10-13T22:39:19.668Z] > command requires scopes: ["email","openid","https://www.googleapis.com/auth/cloudplatformprojects.readonly","https://www.googleapis.com/auth/firebase","https://www.googleapis.com/auth/cloud-platform"]
[debug] [2021-10-13T22:39:19.668Z] > authorizing via signed-in user (catchmeyork@gmail.com)
[info] 
     ######## #### ########  ######## ########     ###     ######  ########
     ##        ##  ##     ## ##       ##     ##  ##   ##  ##       ##
     ######    ##  ########  ######   ########  #########  ######  ######
     ##        ##  ##    ##  ##       ##     ## ##     ##       ## ##
     ##       #### ##     ## ######## ########  ##     ##  ######  ########

You're about to initialize a Firebase project in this directory:

  C:\Users\estel

Before we get started, keep in mind:

  * You are initializing within an existing Firebase project directory

[info] 
=== Project Setup
[info] 
[info] First, let's associate this project directory with a Firebase project.
[info] You can create multiple project aliases by running firebase use --add, 
[info] but for now we'll just set up a default project.
[info] 
[info] i  .firebaserc already has a default project, using huertitas-19e4b. 
[debug] [2021-10-13T22:40:18.018Z] > refreshing access token with scopes: []
[debug] [2021-10-13T22:40:18.018Z] >>> HTTP REQUEST POST https://www.googleapis.com/oauth2/v3/token  
 <request body omitted>
[debug] [2021-10-13T22:40:18.571Z] <<< HTTP RESPONSE 200 {"date":"Wed, 13 Oct 2021 22:40:18 GMT","cache-control":"no-cache, no-store, max-age=0, must-revalidate","expires":"Mon, 01 Jan 1990 00:00:00 GMT","pragma":"no-cache","content-type":"application/json; charset=utf-8","vary":"X-Origin, Referer, Origin,Accept-Encoding","server":"scaffolding on HTTPServer2","x-xss-protection":"0","x-frame-options":"SAMEORIGIN","x-content-type-options":"nosniff","alt-svc":"h3=\":443\"; ma=2592000,h3-29=\":443\"; ma=2592000,h3-T051=\":443\"; ma=2592000,h3-Q050=\":443\"; ma=2592000,h3-Q046=\":443\"; ma=2592000,h3-Q043=\":443\"; ma=2592000,quic=\":443\"; ma=2592000; v=\"46,43\"","accept-ranges":"none","transfer-encoding":"chunked"}
[debug] [2021-10-13T22:40:18.584Z] >>> [apiv2][query] GET https://firebase.googleapis.com/v1beta1/projects/huertitas-19e4b [none]
[debug] [2021-10-13T22:40:23.071Z] <<< [apiv2][status] GET https://firebase.googleapis.com/v1beta1/projects/huertitas-19e4b 200
[debug] [2021-10-13T22:40:23.071Z] <<< [apiv2][body] GET https://firebase.googleapis.com/v1beta1/projects/huertitas-19e4b {"projectId":"huertitas-19e4b","projectNumber":"296713818209","displayName":"Huertitas","name":"projects/huertitas-19e4b","resources":{"hostingSite":"huertitas-19e4b","realtimeDatabaseInstance":"huertitas-19e4b-default-rtdb"},"state":"ACTIVE"}
[info] 
=== Hosting:github Setup
[info] 
[info] i  Didn't detect a .git folder. Assuming C:\Users\estel\Desktop\huertitas is the project root. 
[info] i  Authorizing with GitHub to upload your service account to a GitHub repository's secrets store. 
[info] 
[info] Visit this URL on this device to log in:
[info] https://github.com/login/oauth/authorize?client_id=89cf50f02ac6aaed3484&state=368334130&redirect_uri=http%3A%2F%2Flocalhost%3A9005&scope=read%3Auser%20repo%20public_repo
[info] 
[info] Waiting for authentication...
[debug] [2021-10-13T22:40:28.123Z] >>> HTTP REQUEST POST https://github.com/login/oauth/access_token  
 {"client_id":"89cf50f02ac6aaed3484","client_secret":"3330d14abc895d9a74d5f17cd7a00711fa2c5bf0","code":"100e511c8ed3a2858bba","redirect_uri":"http://localhost:9005","state":"368334130"}
[debug] [2021-10-13T22:40:28.475Z] <<< HTTP RESPONSE 200 {"server":"GitHub.com","date":"Wed, 13 Oct 2021 22:40:28 GMT","content-type":"application/json; charset=utf-8","transfer-encoding":"chunked","vary":"X-PJAX, X-PJAX-Container, Accept-Encoding, Accept, X-Requested-With","permissions-policy":"interest-cohort=()","etag":"W/\"7cc010db7cd907f5457757373a13f911\"","cache-control":"max-age=0, private, must-revalidate","strict-transport-security":"max-age=31536000; includeSubdomains; preload","x-frame-options":"deny","x-content-type-options":"nosniff","x-xss-protection":"0","referrer-policy":"origin-when-cross-origin, strict-origin-when-cross-origin","expect-ct":"max-age=2592000, report-uri=\"https://api.github.com/_private/browser/errors\"","content-security-policy":"default-src 'none'; base-uri 'self'; block-all-mixed-content; child-src github.com/assets-cdn/worker/ gist.github.com/assets-cdn/worker/; connect-src 'self' uploads.github.com objects-origin.githubusercontent.com www.githubstatus.com collector.githubapp.com api.github.com github-cloud.s3.amazonaws.com github-production-repository-file-5c1aeb.s3.amazonaws.com github-production-upload-manifest-file-7fdce7.s3.amazonaws.com github-production-user-asset-6210df.s3.amazonaws.com cdn.optimizely.com logx.optimizely.com/v1/events translator.github.com wss://alive.github.com; font-src github.githubassets.com; form-action 'self' github.com gist.github.com objects-origin.githubusercontent.com; frame-ancestors 'none'; frame-src render.githubusercontent.com viewscreen.githubusercontent.com; img-src 'self' data: github.githubassets.com identicons.github.com collector.githubapp.com github-cloud.s3.amazonaws.com secured-user-images.githubusercontent.com/ *.githubusercontent.com; manifest-src 'self'; media-src github.com user-images.githubusercontent.com/; script-src github.githubassets.com; style-src 'unsafe-inline' github.githubassets.com; worker-src github.com/assets-cdn/worker/ gist.github.com/assets-cdn/worker/","x-github-request-id":"E339:57CA:2D12B4:4DB73A:6167605C"}
[debug] [2021-10-13T22:40:28.480Z] >>> [apiv2][query] GET https://api.github.com/user [none]
[debug] [2021-10-13T22:40:28.871Z] <<< [apiv2][status] GET https://api.github.com/user 200
[debug] [2021-10-13T22:40:28.872Z] <<< [apiv2][body] GET https://api.github.com/user {"login":"heypukk","id":71178203,"node_id":"MDQ6VXNlcjcxMTc4MjAz","avatar_url":"https://avatars.githubusercontent.com/u/71178203?v=4","gravatar_id":"","url":"https://api.github.com/users/heypukk","html_url":"https://github.com/heypukk","followers_url":"https://api.github.com/users/heypukk/followers","following_url":"https://api.github.com/users/heypukk/following{/other_user}","gists_url":"https://api.github.com/users/heypukk/gists{/gist_id}","starred_url":"https://api.github.com/users/heypukk/starred{/owner}{/repo}","subscriptions_url":"https://api.github.com/users/heypukk/subscriptions","organizations_url":"https://api.github.com/users/heypukk/orgs","repos_url":"https://api.github.com/users/heypukk/repos","events_url":"https://api.github.com/users/heypukk/events{/privacy}","received_events_url":"https://api.github.com/users/heypukk/received_events","type":"User","site_admin":false,"name":null,"company":null,"blog":"","location":null,"email":null,"hireable":null,"bio":null,"twitter_username":null,"public_repos":0,"public_gists":0,"followers":0,"following":0,"created_at":"2020-09-12T12:19:58Z","updated_at":"2021-09-07T21:36:55Z","private_gists":0,"total_private_repos":3,"owned_private_repos":3,"disk_usage":186,"collaborators":0,"two_factor_authentication":false,"plan":{"name":"free","space":976562499,"collaborators":0,"private_repos":10000}}
[info] 
[info] +  Success! Logged into GitHub as heypukk 
[info] 
